"discordie": "^0.8.1",
"droll": "^0.2.0",
"fs": "0.0.1-security",
"ini": "^1.3.4",
"log": "^1.4.0",
"rivescript": "6.2.2"

jamie@kaori ~/Desktop/edeabot07a $ npm install --save discordie
edea-bot@0.0.3-a /home/jamie/Desktop/edeabot04a
└─┬ discordie@0.9.0 
  ├── double-ended-queue@0.9.7 
  ├─┬ ebml@2.2.0 
  │ ├── buffers@0.1.1 
  │ └── debug@0.7.4 
  ├── pako@0.2.9 
  ├── requireindex@1.1.0 
  ├─┬ superagent@1.8.4 
  │ ├── component-emitter@1.2.1 
  │ ├── cookiejar@2.0.6 
  │ ├─┬ debug@2.2.0 
  │ │ └── ms@0.7.1 
  │ ├── extend@3.0.0 
  │ ├─┬ form-data@1.0.0-rc3 
  │ │ ├── async@1.5.2 
  │ │ ├─┬ combined-stream@1.0.5 
  │ │ │ └── delayed-stream@1.0.0 
  │ │ └─┬ mime-types@2.1.12 
  │ │   └── mime-db@1.24.0 
  │ ├── formidable@1.0.17 
  │ ├── methods@1.1.2 
  │ ├── mime@1.3.4 
  │ ├── qs@2.3.3 
  │ ├─┬ readable-stream@1.0.27-1 
  │ │ ├── core-util-is@1.0.2 
  │ │ ├── inherits@2.0.3 
  │ │ ├── isarray@0.0.1 
  │ │ └── string_decoder@0.10.31 
  │ └── reduce-component@1.0.1 
  ├── tweetnacl@0.14.3 
  └─┬ ws@1.1.1 
    ├── options@0.0.6 
    └── ultron@1.0.2 

jamie@kaori ~/Desktop/edeabot07a $ npm install --save droll
edea-bot@0.0.3-a /home/jamie/Desktop/edeabot04a
└── droll@0.2.0 

jamie@kaori ~/Desktop/edeabot07a $ npm install --save fs
edea-bot@0.0.3-a /home/jamie/Desktop/edeabot04a
└── fs@0.0.1-security 

jamie@kaori ~/Desktop/edeabot07a $ npm install --save ini
edea-bot@0.0.3-a /home/jamie/Desktop/edeabot04a
└── ini@1.3.4 

jamie@kaori ~/Desktop/edeabot07a $ npm install --save log
edea-bot@0.0.3-a /home/jamie/Desktop/edeabot04a
└── log@1.4.0 

jamie@kaori ~/Desktop/edeabot04a $ npm install --save rivescript
edea-bot@0.0.3-a /home/jamie/Desktop/edeabot04a
└─┬ rivescript@1.17.0 
  ├── fs-readdir-recursive@1.0.0 
  └── rsvp@3.3.3 

jamie@kaori ~/Desktop/edeabot04a $ 

